05/12/2019 14:26:27	This log contains information about the import schema operation into project 'CofeWebsiteFront' on computer 'LAPTOP-SHAWN' by user 'agxia'.
05/12/2019 14:26:27	Import of database schema has started.
05/12/2019 14:26:28	Gathering database credentials
05/12/2019 14:26:28	Gathering database options
05/12/2019 14:26:28	Gathering generic database scoped configuration option
05/12/2019 14:26:28	Gathering users
05/12/2019 14:26:28	Gathering roles
05/12/2019 14:26:28	Gathering application roles
05/12/2019 14:26:28	Gathering role memberships
05/12/2019 14:26:28	Gathering filegroups
05/12/2019 14:26:28	Gathering full-text catalogs
05/12/2019 14:26:28	Gathering assemblies
05/12/2019 14:26:28	Gathering certificates
05/12/2019 14:26:28	Gathering asymmetric keys
05/12/2019 14:26:28	Gathering symmetric keys
05/12/2019 14:26:28	Gathering encrypted symmetric keys
05/12/2019 14:26:28	Gathering schemas
05/12/2019 14:26:28	Gathering XML schema collections
05/12/2019 14:26:28	Gathering user-defined data types
05/12/2019 14:26:28	Gathering user-defined types
05/12/2019 14:26:28	Gathering table types
05/12/2019 14:26:28	Gathering unique keys for table types
05/12/2019 14:26:28	Gathering primary keys for table types
05/12/2019 14:26:28	Gathering indexes for table types
05/12/2019 14:26:28	Gathering check constraints for table types
05/12/2019 14:26:28	Gathering default constraints for table types
05/12/2019 14:26:28	Gathering partition functions
05/12/2019 14:26:28	Gathering partition schemes
05/12/2019 14:26:28	Gathering functions
05/12/2019 14:26:28	Gathering encrypted functions
05/12/2019 14:26:28	Gathering aggregates
05/12/2019 14:26:28	Gathering procedures
05/12/2019 14:26:28	Gathering encrypted procedures
05/12/2019 14:26:28	Gathering tables
05/12/2019 14:26:28	Gathering primary keys
05/12/2019 14:26:28	Gathering unique constraints
05/12/2019 14:26:28	Gathering foreign keys
05/12/2019 14:26:28	Gathering default constraints
05/12/2019 14:26:28	Gathering check constraints
05/12/2019 14:26:28	Gathering views
05/12/2019 14:26:28	Gathering encrypted views
05/12/2019 14:26:28	Gathering indexes
05/12/2019 14:26:28	Gathering statistics
05/12/2019 14:26:28	Gathering full-text index stoplists
05/12/2019 14:26:28	Gathering search property lists
05/12/2019 14:26:28	Gathering search properties
05/12/2019 14:26:28	Gathering full-text indexes
05/12/2019 14:26:28	Gathering column store indexes
05/12/2019 14:26:28	Gathering spatial indexes
05/12/2019 14:26:28	Gathering XML indexes
05/12/2019 14:26:28	Gathering Selective XML indexes
05/12/2019 14:26:28	Gathering encrypted triggers
05/12/2019 14:26:28	Gathering triggers
05/12/2019 14:26:28	Gathering encrypted and clr ddl triggers
05/12/2019 14:26:28	Gathering ddl triggers
05/12/2019 14:26:28	Gathering synonyms
05/12/2019 14:26:28	Gathering defaults
05/12/2019 14:26:28	Gathering data constraint uddt bindings
05/12/2019 14:26:28	Gathering rules
05/12/2019 14:26:28	Gathering data constraint uddt bindings
05/12/2019 14:26:28	Gathering message types
05/12/2019 14:26:28	Gathering queues
05/12/2019 14:26:28	Gathering contracts
05/12/2019 14:26:28	Gathering services
05/12/2019 14:26:28	Gathering event notifications
05/12/2019 14:26:28	Gathering remote service bindings
05/12/2019 14:26:28	Gathering broker priorities
05/12/2019 14:26:28	Gathering signatures
05/12/2019 14:26:28	Gathering data compression options
05/12/2019 14:26:28	Gathering sequence types
05/12/2019 14:26:28	Gathering security policies
05/12/2019 14:26:28	Gather column encryption keys
05/12/2019 14:26:28	Gathering column master keys
05/12/2019 14:26:28	Gathering external data sources
05/12/2019 14:26:28	Gathering external file formats
05/12/2019 14:26:28	Gathering external tables
05/12/2019 14:26:28	Gathering extended properties
05/12/2019 14:26:28	Gathering credentials
05/12/2019 14:26:28	Gathering logins
05/12/2019 14:26:28	Gathering server audits
05/12/2019 14:26:28	Scanning project for duplicate elements
05/12/2019 14:26:28	Finished duplicate element processing
05/12/2019 14:26:28	Finished importing database.
05/12/2019 14:26:28	A summary of the import was saved to the following location: D:\Coding\C#\CofeWebsiteFront\CofeWebsiteFront\Import Schema Logs\CofeWebsiteFront_20191205022627.log
05/12/2019 14:26:28	Click Finish to continue...
